<?xml version="1.0" encoding="UTF-8"?>
<!-- Generated by org.testng.reporters.JUnitReportReporter -->
<testsuite hostname="Jash-PC" name="com.campusclaritycourse.tests.BasePageTest" tests="1" failures="0" timestamp="23 Jun 2016 03:23:24 GMT" time="23.709" errors="0">
  <testcase name="verifyHomePage" time="23.709" classname="com.campusclaritycourse.tests.BasePageTest"/>
</testsuite> <!-- com.campusclaritycourse.tests.BasePageTest -->
