<?xml version="1.0" encoding="UTF-8"?>
<!-- Generated by org.testng.reporters.JUnitReportReporter -->
<testsuite hostname="Jash-PC" name="com.campusclaritycourse.automation.Prologue" tests="4" failures="0" timestamp="15 Jun 2016 03:53:01 GMT" time="717.888" errors="0">
  <testcase name="campusClarityLogin" time="18.073" classname="com.campusclaritycourse.automation.Prologue"/>
  <testcase name="getPageTitle" time="2.054" classname="com.campusclaritycourse.automation.Prologue"/>
  <testcase name="testPrologueSection" time="693.494" classname="com.campusclaritycourse.automation.Prologue"/>
  <testcase name="selectCourse" time="4.267" classname="com.campusclaritycourse.automation.Prologue"/>
</testsuite> <!-- com.campusclaritycourse.automation.Prologue -->
